Base path: C:/Program Files/Unity/Editor/Data
Pipe name: \\.\pipe\UnityShaderCompiler-64bit-3-48760
Cmd: getPlatforms
Cmd: compileSnippet
  api=1 type=0 insize=977 outsize=842 kw=DIRECTIONAL SHADOWS_OFF LIGHTMAP_OFF DIRLIGHTMAP_OFF DYNAMICLIGHTMAP_OFF ok=1
Cmd: compileSnippet
  api=1 type=0 insize=977 outsize=1336 kw=DIRECTIONAL SHADOWS_OFF LIGHTMAP_OFF DIRLIGHTMAP_OFF DYNAMICLIGHTMAP_OFF VERTEXLIGHT_ON ok=1
Cmd: compileSnippet
  api=1 type=0 insize=977 outsize=1485 kw=DIRECTIONAL SHADOWS_SCREEN LIGHTMAP_OFF DIRLIGHTMAP_OFF DYNAMICLIGHTMAP_OFF VERTEXLIGHT_ON ok=1
Cmd: compileSnippet
  api=0 type=0 insize=977 outsize=11400 kw=DIRECTIONAL SHADOWS_OFF LIGHTMAP_OFF DIRLIGHTMAP_OFF DYNAMICLIGHTMAP_OFF _NORMALMAP ok=1
Cmd: compileSnippet
  api=1 type=1 insize=977 outsize=3793 kw=DIRECTIONAL SHADOWS_SCREEN LIGHTMAP_OFF DIRLIGHTMAP_OFF DYNAMICLIGHTMAP_OFF ok=1
Cmd: compileSnippet
  api=4 type=0 insize=934 outsize=4711 kw=POINT SHADOWS_OFF ok=1
Cmd: compileSnippet
  api=0 type=0 insize=934 outsize=5958 kw=POINT_COOKIE SHADOWS_OFF ok=1
Cmd: compileSnippet
  api=1 type=0 insize=934 outsize=977 kw=DIRECTIONAL SHADOWS_SCREEN ok=1
Cmd: compileSnippet
  api=1 type=0 insize=934 outsize=1051 kw=DIRECTIONAL_COOKIE SHADOWS_SCREEN ok=1
Cmd: compileSnippet
  api=0 type=0 insize=934 outsize=6626 kw=POINT SHADOWS_CUBE ok=1
Cmd: compileSnippet
  api=4 type=0 insize=934 outsize=4857 kw=POINT_COOKIE SHADOWS_CUBE SHADOWS_SOFT ok=1
Cmd: compileSnippet
  api=4 type=0 insize=934 outsize=4711 kw=POINT SHADOWS_OFF _NORMALMAP ok=1
Cmd: compileSnippet
  api=0 type=0 insize=934 outsize=6780 kw=SPOT SHADOWS_OFF _NORMALMAP ok=1
Cmd: compileSnippet
  api=1 type=0 insize=934 outsize=977 kw=DIRECTIONAL SHADOWS_SCREEN _NORMALMAP ok=1
Cmd: compileSnippet
  api=0 type=0 insize=934 outsize=6958 kw=DIRECTIONAL_COOKIE SHADOWS_SCREEN _NORMALMAP ok=1
Cmd: compileSnippet
  api=1 type=0 insize=934 outsize=943 kw=POINT SHADOWS_CUBE SHADOWS_SOFT _NORMALMAP ok=1
Cmd: compileSnippet
  api=0 type=0 insize=934 outsize=8434 kw=POINT_COOKIE SHADOWS_CUBE SHADOWS_SOFT _NORMALMAP ok=1
Cmd: compileSnippet
  api=0 type=1 insize=934 outsize=6 kw=DIRECTIONAL SHADOWS_OFF ok=1
Cmd: compileSnippet
  api=1 type=1 insize=934 outsize=2277 kw=SPOT SHADOWS_OFF ok=1
Cmd: compileSnippet
  api=4 type=1 insize=934 outsize=6962 kw=SPOT SHADOWS_DEPTH SHADOWS_NATIVE ok=1
Cmd: compileSnippet
  api=0 type=1 insize=934 outsize=6 kw=POINT SHADOWS_CUBE ok=1
Cmd: compileSnippet
  api=1 type=1 insize=934 outsize=2355 kw=POINT SHADOWS_CUBE ok=1
Cmd: compileSnippet
  api=0 type=1 insize=934 outsize=6 kw=POINT SHADOWS_CUBE SHADOWS_SOFT ok=1
Cmd: compileSnippet
  api=1 type=1 insize=934 outsize=2583 kw=POINT SHADOWS_CUBE SHADOWS_SOFT ok=1
Cmd: compileSnippet
  api=4 type=1 insize=934 outsize=6588 kw=POINT SHADOWS_OFF _NORMALMAP ok=1
Cmd: compileSnippet
  api=0 type=1 insize=934 outsize=6 kw=POINT_COOKIE SHADOWS_OFF _NORMALMAP ok=1
Cmd: compileSnippet
  api=0 type=1 insize=934 outsize=6 kw=DIRECTIONAL_COOKIE SHADOWS_OFF _NORMALMAP ok=1
Cmd: compileSnippet
  api=1 type=1 insize=934 outsize=2348 kw=DIRECTIONAL_COOKIE SHADOWS_OFF _NORMALMAP ok=1
Cmd: compileSnippet
  api=0 type=1 insize=934 outsize=6 kw=DIRECTIONAL_COOKIE SHADOWS_SCREEN _NORMALMAP ok=1
Cmd: compileSnippet
  api=1 type=1 insize=934 outsize=2417 kw=DIRECTIONAL_COOKIE SHADOWS_SCREEN _NORMALMAP ok=1
Cmd: compileSnippet
  api=0 type=1 insize=934 outsize=6 kw=SPOT SHADOWS_DEPTH SHADOWS_SOFT SHADOWS_NATIVE _NORMALMAP ok=1
Cmd: compileSnippet
  api=4 type=1 insize=934 outsize=8253 kw=SPOT SHADOWS_DEPTH SHADOWS_SOFT SHADOWS_NATIVE _NORMALMAP ok=1
Cmd: compileSnippet
  api=1 type=0 insize=751 outsize=814 kw=SHADOWS_DEPTH ok=1
Cmd: compileSnippet
  api=1 type=1 insize=751 outsize=98 kw=SHADOWS_CUBE ok=1
Cmd: compileSnippet
  api=4 type=0 insize=1148 outsize=4622 kw=LIGHTMAP_OFF DIRLIGHTMAP_OFF DYNAMICLIGHTMAP_OFF _NORMALMAP ok=1
Cmd: compileSnippet
  api=0 type=0 insize=1148 outsize=9926 kw=LIGHTMAP_OFF DIRLIGHTMAP_OFF DYNAMICLIGHTMAP_OFF UNITY_HDR_ON _NORMALMAP ok=1
Cmd: compileSnippet
  api=1 type=1 insize=1148 outsize=2774 kw=LIGHTMAP_OFF DIRLIGHTMAP_OFF DYNAMICLIGHTMAP_OFF _NORMALMAP ok=1
Cmd: compileSnippet
  api=0 type=0 insize=903 outsize=5283 kw=DIRECTIONAL SHADOWS_SCREEN LIGHTMAP_OFF DIRLIGHTMAP_OFF DYNAMICLIGHTMAP_OFF ok=1
Cmd: compileSnippet
  api=1 type=0 insize=903 outsize=1165 kw=DIRECTIONAL SHADOWS_SCREEN LIGHTMAP_OFF DIRLIGHTMAP_OFF DYNAMICLIGHTMAP_OFF _NORMALMAP ok=1
Cmd: compileSnippet
  api=0 type=0 insize=903 outsize=7441 kw=DIRECTIONAL SHADOWS_OFF LIGHTMAP_OFF DIRLIGHTMAP_OFF DYNAMICLIGHTMAP_OFF VERTEXLIGHT_ON _NORMALMAP ok=1
Cmd: compileSnippet
  api=4 type=1 insize=903 outsize=4126 kw=DIRECTIONAL SHADOWS_SCREEN LIGHTMAP_OFF DIRLIGHTMAP_OFF DYNAMICLIGHTMAP_OFF ok=1
Cmd: compileSnippet
  api=1 type=0 insize=812 outsize=871 kw=POINT SHADOWS_OFF ok=1
Cmd: compileSnippet
  api=0 type=0 insize=812 outsize=4737 kw=SPOT SHADOWS_OFF ok=1
Cmd: compileSnippet
  api=4 type=0 insize=812 outsize=4532 kw=DIRECTIONAL SHADOWS_SCREEN ok=1
Cmd: compileSnippet
  api=4 type=0 insize=812 outsize=5223 kw=DIRECTIONAL_COOKIE SHADOWS_SCREEN ok=1
Cmd: compileSnippet
  api=4 type=0 insize=812 outsize=5166 kw=POINT SHADOWS_CUBE ok=1
Cmd: compileSnippet
  api=1 type=0 insize=812 outsize=893 kw=POINT_COOKIE SHADOWS_CUBE ok=1
Cmd: compileSnippet
  api=4 type=0 insize=812 outsize=5166 kw=POINT_COOKIE SHADOWS_CUBE ok=1
Cmd: compileSnippet
  api=1 type=0 insize=812 outsize=871 kw=POINT SHADOWS_OFF _NORMALMAP ok=1
Cmd: compileSnippet
  api=0 type=0 insize=812 outsize=4920 kw=DIRECTIONAL SHADOWS_OFF _NORMALMAP ok=1
Cmd: compileSnippet
  api=0 type=0 insize=812 outsize=5351 kw=DIRECTIONAL SHADOWS_SCREEN _NORMALMAP ok=1
Cmd: compileSnippet
  api=4 type=1 insize=812 outsize=2672 kw=POINT SHADOWS_OFF ok=1
Cmd: compileSnippet
  api=4 type=1 insize=812 outsize=2615 kw=DIRECTIONAL_COOKIE SHADOWS_OFF ok=1
Cmd: compileSnippet
  api=1 type=1 insize=812 outsize=753 kw=DIRECTIONAL_COOKIE SHADOWS_SCREEN ok=1
Cmd: compileSnippet
  api=4 type=1 insize=812 outsize=3541 kw=POINT_COOKIE SHADOWS_CUBE ok=1
Cmd: compileSnippet
  api=1 type=1 insize=812 outsize=1031 kw=POINT_COOKIE SHADOWS_OFF _NORMALMAP ok=1
Cmd: compileSnippet
  api=4 type=1 insize=812 outsize=3192 kw=DIRECTIONAL SHADOWS_SCREEN _NORMALMAP ok=1
Cmd: compileSnippet
  api=1 type=1 insize=812 outsize=1213 kw=POINT_COOKIE SHADOWS_CUBE _NORMALMAP ok=1
Cmd: compileSnippet
  api=4 type=0 insize=600 outsize=3517 kw=SHADOWS_DEPTH ok=1
Cmd: compileSnippet
  api=1 type=1 insize=600 outsize=103 kw=SHADOWS_CUBE ok=1
Cmd: compileSnippet
  api=0 type=0 insize=1705 outsize=1331 kw=SOFTPARTICLES_ON ok=1
Cmd: compileSnippet
  api=4 type=1 insize=1705 outsize=1599 kw=SOFTPARTICLES_ON ok=1
Cmd: compileSnippet
  api=4 type=0 insize=1706 outsize=2022 kw=SOFTPARTICLES_ON ok=1
Cmd: compileSnippet
  api=1 type=1 insize=1706 outsize=272 kw=SOFTPARTICLES_ON ok=1
Cmd: compileSnippet
  api=1 type=0 insize=1642 outsize=169 kw=SOFTPARTICLES_OFF ok=1
Cmd: compileSnippet
  api=0 type=1 insize=1642 outsize=6 kw=SOFTPARTICLES_ON ok=1
Cmd: compileSnippet
  api=0 type=0 insize=3880 outsize=3542 kw=QUALITY_HIGH SCATTERING_ON OCTAVES_1 ok=1
Cmd: compileSnippet
  error: 2 plat 1 at (95): variable 'o' used without having been completely initialized\nCompiling Vertex program with QUALITY_HIGH SCATTERING_OFF OCTAVES_2
  api=1 type=0 insize=3880 outsize=0 kw=QUALITY_HIGH SCATTERING_OFF OCTAVES_2 ok=0
Cmd: compileSnippet
  error: 2 plat 1 at (95): variable 'o' used without having been completely initialized\nCompiling Vertex program with QUALITY_HIGH SCATTERING_ON OCTAVES_3
  api=1 type=0 insize=3880 outsize=0 kw=QUALITY_HIGH SCATTERING_ON OCTAVES_3 ok=0
Cmd: compileSnippet
  api=4 type=0 insize=3880 outsize=1640 kw=QUALITY_HIGH SCATTERING_ON OCTAVES_3 ok=1
Cmd: compileSnippet
  api=4 type=0 insize=3880 outsize=1640 kw=QUALITY_HIGH SCATTERING_OFF OCTAVES_3 ok=1
Cmd: compileSnippet
  api=0 type=0 insize=3880 outsize=4384 kw=QUALITY_HIGH SCATTERING_OFF OCTAVES_5 ok=1
Cmd: compileSnippet
  api=0 type=0 insize=3880 outsize=2559 kw=SCATTERING_OFF OCTAVES_1 QUALITY_LOW ok=1
Cmd: compileSnippet
  api=4 type=0 insize=3880 outsize=1640 kw=SCATTERING_OFF OCTAVES_3 QUALITY_LOW ok=1
Cmd: compileSnippet
  error: 2 plat 1 at (95): variable 'o' used without having been completely initialized\nCompiling Vertex program with SCATTERING_ON OCTAVES_5 QUALITY_LOW
  api=1 type=0 insize=3880 outsize=0 kw=SCATTERING_ON OCTAVES_5 QUALITY_LOW ok=0
Cmd: compileSnippet
  api=4 type=0 insize=3880 outsize=1640 kw=SCATTERING_ON OCTAVES_5 QUALITY_LOW ok=1
Cmd: compileSnippet
  api=0 type=0 insize=3880 outsize=4383 kw=SCATTERING_OFF OCTAVES_5 QUALITY_LOW ok=1
Cmd: compileSnippet
  api=0 type=0 insize=3880 outsize=2560 kw=SCATTERING_OFF OCTAVES_1 QUALITY_MED ok=1
Cmd: compileSnippet
  api=4 type=0 insize=3880 outsize=1640 kw=SCATTERING_ON OCTAVES_3 QUALITY_MED ok=1
Cmd: compileSnippet
  api=4 type=0 insize=3880 outsize=1640 kw=SCATTERING_ON OCTAVES_5 QUALITY_MED ok=1
Cmd: compileSnippet
  api=1 type=1 insize=3880 outsize=3113 kw=QUALITY_HIGH OCTAVES_4 SCATTERING_ON ok=1
Cmd: compileSnippet
  api=4 type=1 insize=3880 outsize=8091 kw=QUALITY_HIGH SCATTERING_ON OCTAVES_3 ok=1
Cmd: compileSnippet
  api=0 type=1 insize=3880 outsize=6 kw=OCTAVES_4 SCATTERING_ON QUALITY_LOW ok=1
Cmd: compileSnippet
  api=4 type=1 insize=3880 outsize=9407 kw=OCTAVES_4 SCATTERING_ON QUALITY_LOW ok=1
Cmd: compileSnippet
  api=0 type=1 insize=3880 outsize=6 kw=SCATTERING_OFF OCTAVES_1 QUALITY_LOW ok=1
Cmd: compileSnippet
  api=1 type=1 insize=3880 outsize=1221 kw=SCATTERING_OFF OCTAVES_1 QUALITY_LOW ok=1
Cmd: compileSnippet
  api=1 type=1 insize=3880 outsize=1441 kw=SCATTERING_OFF OCTAVES_2 QUALITY_LOW ok=1
Cmd: compileSnippet
  api=1 type=1 insize=3880 outsize=3619 kw=SCATTERING_ON OCTAVES_5 QUALITY_LOW ok=1
Cmd: compileSnippet
  api=4 type=1 insize=3880 outsize=5288 kw=SCATTERING_ON OCTAVES_1 QUALITY_MED ok=1
Cmd: compileSnippet
  api=0 type=1 insize=3880 outsize=6 kw=SCATTERING_OFF OCTAVES_2 QUALITY_MED ok=1
Cmd: compileSnippet
  api=1 type=1 insize=3880 outsize=1443 kw=SCATTERING_OFF OCTAVES_2 QUALITY_MED ok=1
Cmd: compileSnippet
  api=0 type=1 insize=3880 outsize=6 kw=SCATTERING_ON OCTAVES_5 QUALITY_MED ok=1
Cmd: compileSnippet
  api=1 type=1 insize=3880 outsize=3620 kw=SCATTERING_ON OCTAVES_5 QUALITY_MED ok=1
Cmd: compileSnippet
  error: 2 plat 1 at (95): variable 'o' used without having been completely initialized\nCompiling Vertex program with QUALITY_HIGH OCTAVES_4 SCATTERING_OFF
  api=1 type=0 insize=3880 outsize=0 kw=QUALITY_HIGH OCTAVES_4 SCATTERING_OFF ok=0
Cmd: compileSnippet
  error: 2 plat 1 at (95): variable 'o' used without having been completely initialized\nCompiling Vertex program with QUALITY_HIGH SCATTERING_ON OCTAVES_3
  api=1 type=0 insize=3880 outsize=0 kw=QUALITY_HIGH SCATTERING_ON OCTAVES_3 ok=0
Cmd: compileSnippet
  error: 2 plat 1 at (95): variable 'o' used without having been completely initialized\nCompiling Vertex program with SCATTERING_ON OCTAVES_1 QUALITY_LOW
  api=1 type=0 insize=3880 outsize=0 kw=SCATTERING_ON OCTAVES_1 QUALITY_LOW ok=0
Cmd: compileSnippet
  error: 2 plat 1 at (95): variable 'o' used without having been completely initialized\nCompiling Vertex program with SCATTERING_ON OCTAVES_5 QUALITY_LOW
  api=1 type=0 insize=3880 outsize=0 kw=SCATTERING_ON OCTAVES_5 QUALITY_LOW ok=0
Cmd: compileSnippet
  error: 2 plat 1 at (95): variable 'o' used without having been completely initialized\nCompiling Vertex program with SCATTERING_ON OCTAVES_5 QUALITY_MED
  api=1 type=0 insize=3880 outsize=0 kw=SCATTERING_ON OCTAVES_5 QUALITY_MED ok=0
Cmd: compileSnippet
  api=1 type=0 insize=541 outsize=832 kw=SHADOWS_DEPTH ok=1
Cmd: compileSnippet
  api=1 type=1 insize=541 outsize=97 kw=SHADOWS_CUBE ok=1
Cmd: compileSnippet
  api=0 type=0 insize=6810 outsize=2758 kw=DIRECTIONAL SHADOWS_SCREEN LIGHTMAP_OFF DIRLIGHTMAP_OFF DYNAMICLIGHTMAP_OFF ok=1
Cmd: compileSnippet
  api=4 type=1 insize=6810 outsize=1615 kw=DIRECTIONAL SHADOWS_SCREEN LIGHTMAP_OFF DIRLIGHTMAP_OFF DYNAMICLIGHTMAP_OFF ok=1
Cmd: compileSnippet
  api=0 type=0 insize=3647 outsize=1946 kw=SPOT ok=1
Cmd: compileSnippet
  api=0 type=1 insize=3647 outsize=6 kw=DIRECTIONAL ok=1
Cmd: compileSnippet
  api=4 type=1 insize=3647 outsize=2428 kw=SPOT ok=1
Cmd: compileSnippet
  api=1 type=0 insize=2805 outsize=293 kw= ok=1
Cmd: compileSnippet
  api=1 type=0 insize=5974 outsize=707 kw=LIGHTMAP_OFF DIRLIGHTMAP_OFF DYNAMICLIGHTMAP_OFF HDR_LIGHT_PREPASS_OFF ok=1
Cmd: compileSnippet
  api=1 type=1 insize=5974 outsize=267 kw=LIGHTMAP_OFF DIRLIGHTMAP_OFF DYNAMICLIGHTMAP_OFF HDR_LIGHT_PREPASS_OFF ok=1
Cmd: compileSnippet
  api=4 type=0 insize=5928 outsize=3785 kw=LIGHTMAP_OFF DIRLIGHTMAP_OFF DYNAMICLIGHTMAP_OFF HDR_LIGHT_PREPASS_OFF ok=1
Cmd: compileSnippet
  api=0 type=1 insize=5928 outsize=6 kw=LIGHTMAP_OFF DIRLIGHTMAP_OFF DYNAMICLIGHTMAP_OFF UNITY_HDR_ON ok=1
Cmd: compileSnippet
  api=1 type=0 insize=1275 outsize=441 kw=POINT SHADOWS_OFF ok=1
Cmd: compileSnippet
  api=0 type=0 insize=1275 outsize=3025 kw=SPOT SHADOWS_OFF ok=1
Cmd: compileSnippet
  api=0 type=0 insize=1275 outsize=3018 kw=DIRECTIONAL_COOKIE SHADOWS_SCREEN ok=1
Cmd: compileSnippet
  api=4 type=0 insize=1275 outsize=1940 kw=POINT SHADOWS_CUBE SHADOWS_SOFT ok=1
Cmd: compileSnippet
  api=1 type=0 insize=1275 outsize=441 kw=POINT_COOKIE SHADOWS_CUBE SHADOWS_SOFT ok=1
Cmd: compileSnippet
  api=1 type=1 insize=1275 outsize=1442 kw=POINT SHADOWS_OFF ok=1
Cmd: compileSnippet
  api=0 type=1 insize=1275 outsize=6 kw=POINT_COOKIE SHADOWS_OFF ok=1
Cmd: compileSnippet
  api=4 type=1 insize=1275 outsize=4979 kw=POINT_COOKIE SHADOWS_OFF ok=1
Cmd: compileSnippet
  api=4 type=1 insize=1275 outsize=4240 kw=DIRECTIONAL SHADOWS_SCREEN ok=1
Cmd: compileSnippet
  api=1 type=1 insize=1275 outsize=1734 kw=POINT_COOKIE SHADOWS_CUBE ok=1
Cmd: compileSnippet
  api=0 type=1 insize=1275 outsize=6 kw=POINT_COOKIE SHADOWS_CUBE SHADOWS_SOFT ok=1
Cmd: compileSnippet
  api=1 type=1 insize=1275 outsize=2017 kw=POINT_COOKIE SHADOWS_CUBE SHADOWS_SOFT ok=1
Cmd: compileSnippet
  api=0 type=0 insize=1268 outsize=2495 kw=DIRECTIONAL SHADOWS_OFF ok=1
Cmd: compileSnippet
  api=1 type=0 insize=1268 outsize=441 kw=SPOT SHADOWS_DEPTH SHADOWS_NATIVE ok=1
Cmd: compileSnippet
  api=1 type=0 insize=1268 outsize=441 kw=DIRECTIONAL SHADOWS_SCREEN ok=1
Cmd: compileSnippet
  api=1 type=0 insize=1268 outsize=441 kw=DIRECTIONAL_COOKIE SHADOWS_SCREEN ok=1
Cmd: compileSnippet
  api=4 type=0 insize=1268 outsize=1940 kw=DIRECTIONAL_COOKIE SHADOWS_SCREEN ok=1
Cmd: compileSnippet
  api=0 type=0 insize=1268 outsize=3475 kw=POINT_COOKIE SHADOWS_CUBE ok=1
Cmd: compileSnippet
  api=1 type=1 insize=1268 outsize=1363 kw=POINT SHADOWS_OFF ok=1
Cmd: compileSnippet
  api=1 type=1 insize=1268 outsize=1476 kw=POINT_COOKIE SHADOWS_OFF ok=1
Cmd: compileSnippet
  api=0 type=1 insize=1268 outsize=6 kw=DIRECTIONAL SHADOWS_SCREEN ok=1
Cmd: compileSnippet
  api=1 type=1 insize=1268 outsize=1250 kw=DIRECTIONAL SHADOWS_SCREEN ok=1
Cmd: compileSnippet
  api=4 type=1 insize=1268 outsize=4938 kw=POINT SHADOWS_CUBE ok=1
Cmd: compileSnippet
  api=0 type=1 insize=1268 outsize=6 kw=POINT_COOKIE SHADOWS_CUBE SHADOWS_SOFT ok=1
Cmd: compileSnippet
  api=1 type=1 insize=1268 outsize=1938 kw=POINT_COOKIE SHADOWS_CUBE SHADOWS_SOFT ok=1
Cmd: compileSnippet
  api=0 type=0 insize=1273 outsize=2500 kw=DIRECTIONAL SHADOWS_OFF ok=1
Cmd: compileSnippet
  api=4 type=0 insize=1273 outsize=1940 kw=SPOT SHADOWS_DEPTH SHADOWS_NATIVE ok=1
Cmd: compileSnippet
  api=0 type=0 insize=1273 outsize=3281 kw=POINT SHADOWS_CUBE ok=1
Cmd: compileSnippet
  api=1 type=0 insize=1273 outsize=441 kw=POINT_COOKIE SHADOWS_CUBE SHADOWS_SOFT ok=1
Cmd: compileSnippet
  api=1 type=1 insize=1273 outsize=1358 kw=POINT SHADOWS_OFF ok=1
Cmd: compileSnippet
  api=1 type=1 insize=1273 outsize=1481 kw=POINT_COOKIE SHADOWS_OFF ok=1
Cmd: compileSnippet
  api=0 type=1 insize=1273 outsize=6 kw=DIRECTIONAL SHADOWS_SCREEN ok=1
Cmd: compileSnippet
  api=1 type=1 insize=1273 outsize=1255 kw=DIRECTIONAL SHADOWS_SCREEN ok=1
Cmd: compileSnippet
  api=4 type=1 insize=1273 outsize=4938 kw=POINT SHADOWS_CUBE ok=1
Cmd: compileSnippet
  api=4 type=1 insize=1273 outsize=5743 kw=POINT SHADOWS_CUBE SHADOWS_SOFT ok=1
Cmd: compileSnippet
  api=0 type=0 insize=1934 outsize=3495 kw=DIRECTIONAL SHADOWS_OFF ok=1
Cmd: compileSnippet
  api=4 type=0 insize=1934 outsize=1940 kw=SPOT SHADOWS_DEPTH SHADOWS_NATIVE ok=1
Cmd: compileSnippet
  api=1 type=0 insize=1934 outsize=441 kw=DIRECTIONAL SHADOWS_SCREEN ok=1
Cmd: compileSnippet
  api=0 type=0 insize=1934 outsize=4204 kw=DIRECTIONAL_COOKIE SHADOWS_SCREEN ok=1
Cmd: compileSnippet
  api=0 type=0 insize=1934 outsize=5426 kw=POINT_COOKIE SHADOWS_CUBE SHADOWS_SOFT ok=1
Cmd: compileSnippet
  api=0 type=0 insize=1934 outsize=3755 kw=DIRECTIONAL_COOKIE SHADOWS_OFF UNITY_HDR_ON ok=1
Cmd: compileSnippet
  api=0 type=0 insize=1934 outsize=4498 kw=POINT_COOKIE SHADOWS_CUBE UNITY_HDR_ON ok=1
Cmd: compileSnippet
  api=1 type=1 insize=1934 outsize=2201 kw=DIRECTIONAL SHADOWS_OFF ok=1
Cmd: compileSnippet
  api=1 type=1 insize=1934 outsize=2485 kw=POINT_COOKIE SHADOWS_OFF ok=1
Cmd: compileSnippet
  api=0 type=1 insize=1934 outsize=6 kw=DIRECTIONAL SHADOWS_SCREEN ok=1
Cmd: compileSnippet
  api=4 type=1 insize=1934 outsize=6832 kw=DIRECTIONAL SHADOWS_SCREEN ok=1
Cmd: compileSnippet
  api=0 type=1 insize=1934 outsize=6 kw=SPOT SHADOWS_DEPTH SHADOWS_SOFT SHADOWS_NATIVE ok=1
Cmd: compileSnippet
  api=1 type=1 insize=1934 outsize=3109 kw=SPOT SHADOWS_DEPTH SHADOWS_SOFT SHADOWS_NATIVE ok=1
Cmd: compileSnippet
  api=0 type=1 insize=1934 outsize=6 kw=POINT SHADOWS_OFF UNITY_HDR_ON ok=1
Cmd: compileSnippet
  api=1 type=1 insize=1934 outsize=2250 kw=POINT SHADOWS_OFF UNITY_HDR_ON ok=1
Cmd: compileSnippet
  api=0 type=1 insize=1934 outsize=6 kw=POINT_COOKIE SHADOWS_OFF UNITY_HDR_ON ok=1
Cmd: compileSnippet
  api=4 type=1 insize=1934 outsize=7051 kw=POINT_COOKIE SHADOWS_OFF UNITY_HDR_ON ok=1
Cmd: compileSnippet
  api=0 type=1 insize=1934 outsize=6 kw=DIRECTIONAL SHADOWS_SCREEN UNITY_HDR_ON ok=1
Cmd: compileSnippet
  api=0 type=1 insize=1934 outsize=6 kw=DIRECTIONAL_COOKIE SHADOWS_SCREEN UNITY_HDR_ON ok=1
Cmd: compileSnippet
  api=1 type=1 insize=1934 outsize=2534 kw=DIRECTIONAL_COOKIE SHADOWS_SCREEN UNITY_HDR_ON ok=1
Cmd: compileSnippet
  api=0 type=1 insize=1934 outsize=6 kw=POINT_COOKIE SHADOWS_CUBE UNITY_HDR_ON ok=1
Cmd: compileSnippet
  api=4 type=1 insize=1934 outsize=7571 kw=POINT_COOKIE SHADOWS_CUBE UNITY_HDR_ON ok=1
Cmd: compileSnippet
  api=4 type=1 insize=1934 outsize=8302 kw=POINT_COOKIE SHADOWS_CUBE SHADOWS_SOFT UNITY_HDR_ON ok=1
Cmd: compileSnippet
  api=4 type=1 insize=683 outsize=705 kw= ok=1
Cmd: compileSnippet
  api=4 type=1 insize=1051 outsize=949 kw= ok=1
Cmd: compileSnippet
  api=4 type=1 insize=1089 outsize=990 kw= ok=1
Cmd: compileSnippet
  api=4 type=1 insize=6481 outsize=26860 kw= ok=1
Cmd: compileSnippet
  api=1 type=1 insize=723 outsize=98 kw= ok=1
Cmd: compileSnippet
  api=4 type=1 insize=1079 outsize=1510 kw= ok=1
Cmd: compileSnippet
  error: 2 plat 1 at (95): variable 'o' used without having been completely initialized\nCompiling Vertex program with QUALITY_HIGH SCATTERING_OFF OCTAVES_2
  api=1 type=0 insize=3880 outsize=0 kw=QUALITY_HIGH SCATTERING_OFF OCTAVES_2 ok=0
Cmd: compileSnippet
  error: 2 plat 1 at (95): variable 'o' used without having been completely initialized\nCompiling Vertex program with QUALITY_HIGH SCATTERING_OFF OCTAVES_3
  api=1 type=0 insize=3880 outsize=0 kw=QUALITY_HIGH SCATTERING_OFF OCTAVES_3 ok=0
Cmd: compileSnippet
  error: 2 plat 1 at (95): variable 'o' used without having been completely initialized\nCompiling Vertex program with SCATTERING_ON OCTAVES_2 QUALITY_LOW
  api=1 type=0 insize=3880 outsize=0 kw=SCATTERING_ON OCTAVES_2 QUALITY_LOW ok=0
Cmd: compileSnippet
  error: 2 plat 1 at (95): variable 'o' used without having been completely initialized\nCompiling Vertex program with OCTAVES_4 SCATTERING_ON QUALITY_MED
  api=1 type=0 insize=3880 outsize=0 kw=OCTAVES_4 SCATTERING_ON QUALITY_MED ok=0
Cmd: compileSnippet
  error: 2 plat 1 at (95): variable 'o' used without having been completely initialized\nCompiling Vertex program with SCATTERING_OFF OCTAVES_2 QUALITY_MED
  api=1 type=0 insize=3880 outsize=0 kw=SCATTERING_OFF OCTAVES_2 QUALITY_MED ok=0
Cmd: compileSnippet
  error: 2 plat 1 at (95): variable 'o' used without having been completely initialized\nCompiling Vertex program with QUALITY_HIGH SCATTERING_OFF OCTAVES_1
  api=1 type=0 insize=3880 outsize=0 kw=QUALITY_HIGH SCATTERING_OFF OCTAVES_1 ok=0
Cmd: compileSnippet
  error: 2 plat 1 at (95): variable 'o' used without having been completely initialized\nCompiling Vertex program with QUALITY_HIGH SCATTERING_ON OCTAVES_5
  api=1 type=0 insize=3880 outsize=0 kw=QUALITY_HIGH SCATTERING_ON OCTAVES_5 ok=0
Cmd: compileSnippet
  error: 2 plat 1 at (95): variable 'o' used without having been completely initialized\nCompiling Vertex program with SCATTERING_OFF OCTAVES_1 QUALITY_LOW
  api=1 type=0 insize=3880 outsize=0 kw=SCATTERING_OFF OCTAVES_1 QUALITY_LOW ok=0
Cmd: compileSnippet
  error: 2 plat 1 at (95): variable 'o' used without having been completely initialized\nCompiling Vertex program with SCATTERING_ON OCTAVES_5 QUALITY_LOW
  api=1 type=0 insize=3880 outsize=0 kw=SCATTERING_ON OCTAVES_5 QUALITY_LOW ok=0
Cmd: compileSnippet
  error: 2 plat 1 at (95): variable 'o' used without having been completely initialized\nCompiling Vertex program with OCTAVES_4 SCATTERING_OFF QUALITY_MED
  api=1 type=0 insize=3880 outsize=0 kw=OCTAVES_4 SCATTERING_OFF QUALITY_MED ok=0
Cmd: compileSnippet
  error: 2 plat 1 at (95): variable 'o' used without having been completely initialized\nCompiling Vertex program with SCATTERING_ON OCTAVES_5 QUALITY_MED
  api=1 type=0 insize=3880 outsize=0 kw=SCATTERING_ON OCTAVES_5 QUALITY_MED ok=0
Unhandled exception: Readfile from pipe failed. GLE=The pipe has been ended.


Quitting shader compiler process

Crashed!
